<?xml version="1.0" encoding="UTF-8"?>
<testsuite xmlns:xsi="http://www.w3.org/2001/XMLSchema-instance" xsi:noNamespaceSchemaLocation="https://maven.apache.org/surefire/maven-surefire-plugin/xsd/surefire-test-report-3.0.xsd" version="3.0" name="com.epam.brest.dao.DriverDAOJDBCTest" time="2.628" tests="2" errors="0" skipped="0" failures="1">
  <properties>
[...]
</properties>
  <testcase name="findAllDrivers" classname="com.epam.brest.dao.DriverDAOJDBCTest" time="2.417">
    <system-out><![CDATA[2021-12-16 21:37:05,065 main DEBUG Apache Log4j Core 2.14.1 initializing configuration org.apache.logging.log4j.core.config.properties.PropertiesConfiguration@56de6d6b
2021-12-16 21:37:05,071 main DEBUG Installed 1 script engine
2021-12-16 21:37:05,580 main DEBUG Oracle Nashorn version: 11.0.11, language: ECMAScript, threading: Not Thread Safe, compile: true, names: [nashorn, Nashorn, js, JS, JavaScript, javascript, ECMAScript, ecmascript], factory class: jdk.nashorn.api.scripting.NashornScriptEngineFactory
2021-12-16 21:37:05,581 main DEBUG PluginManager 'Core' found 122 plugins
2021-12-16 21:37:05,582 main DEBUG PluginManager 'Level' found 0 plugins
2021-12-16 21:37:05,588 main DEBUG PluginManager 'Lookup' found 16 plugins
2021-12-16 21:37:05,589 main DEBUG Building Plugin[name=AppenderRef, class=org.apache.logging.log4j.core.config.AppenderRef].
2021-12-16 21:37:05,601 main DEBUG PluginManager 'TypeConverter' found 26 plugins
2021-12-16 21:37:05,614 main DEBUG createAppenderRef(ref="STDOUT", level="null", Filter=null)
2021-12-16 21:37:05,614 main DEBUG Building Plugin[name=root, class=org.apache.logging.log4j.core.config.LoggerConfig$RootLogger].
2021-12-16 21:37:05,616 main DEBUG createLogger(additivity="null", level="DEBUG", includeLocation="null", ={STDOUT}, ={}, Configuration(PropertiesConfig), Filter=null)
2021-12-16 21:37:05,617 main DEBUG Building Plugin[name=loggers, class=org.apache.logging.log4j.core.config.LoggersPlugin].
2021-12-16 21:37:05,618 main DEBUG createLoggers(={root})
2021-12-16 21:37:05,618 main DEBUG Building Plugin[name=layout, class=org.apache.logging.log4j.core.layout.PatternLayout].
2021-12-16 21:37:05,624 main DEBUG PatternLayout$Builder(pattern="%d{HH:mm:ss} %-5p %-20.20C{1} %m%n", PatternSelector=null, Configuration(PropertiesConfig), Replace=null, charset="null", alwaysWriteExceptions="null", disableAnsi="null", noConsoleNoAnsi="null", header="null", footer="null")
2021-12-16 21:37:05,625 main DEBUG PluginManager 'Converter' found 44 plugins
2021-12-16 21:37:05,635 main DEBUG Building Plugin[name=appender, class=org.apache.logging.log4j.core.appender.ConsoleAppender].
2021-12-16 21:37:05,640 main DEBUG ConsoleAppender$Builder(target="null", follow="null", direct="null", bufferedIo="null", bufferSize="null", immediateFlush="null", ignoreExceptions="null", PatternLayout(%d{HH:mm:ss} %-5p %-20.20C{1} %m%n), name="STDOUT", Configuration(PropertiesConfig), Filter=null, ={})
2021-12-16 21:37:05,642 main DEBUG Starting OutputStreamManager SYSTEM_OUT.false.false
2021-12-16 21:37:05,643 main DEBUG Building Plugin[name=appenders, class=org.apache.logging.log4j.core.config.AppendersPlugin].
2021-12-16 21:37:05,644 main DEBUG createAppenders(={STDOUT})
2021-12-16 21:37:05,644 main DEBUG Configuration org.apache.logging.log4j.core.config.properties.PropertiesConfiguration@56de6d6b initialized
2021-12-16 21:37:05,645 main DEBUG Starting configuration org.apache.logging.log4j.core.config.properties.PropertiesConfiguration@56de6d6b
2021-12-16 21:37:05,646 main DEBUG Started configuration org.apache.logging.log4j.core.config.properties.PropertiesConfiguration@56de6d6b OK.
2021-12-16 21:37:05,648 main DEBUG Shutting down OutputStreamManager SYSTEM_OUT.false.false-1
2021-12-16 21:37:05,648 main DEBUG OutputStream closed
2021-12-16 21:37:05,648 main DEBUG Shut down OutputStreamManager SYSTEM_OUT.false.false-1, all resources released: true
2021-12-16 21:37:05,649 main DEBUG Appender DefaultConsole-1 stopped with status true
2021-12-16 21:37:05,649 main DEBUG Stopped org.apache.logging.log4j.core.config.DefaultConfiguration@88a8218 OK
2021-12-16 21:37:05,800 main DEBUG Registering MBean org.apache.logging.log4j2:type=5c29bfd
2021-12-16 21:37:05,807 main DEBUG Registering MBean org.apache.logging.log4j2:type=5c29bfd,component=StatusLogger
2021-12-16 21:37:05,819 main DEBUG Registering MBean org.apache.logging.log4j2:type=5c29bfd,component=ContextSelector
2021-12-16 21:37:05,820 main DEBUG Registering MBean org.apache.logging.log4j2:type=5c29bfd,component=Loggers,name=
2021-12-16 21:37:05,820 main DEBUG Registering MBean org.apache.logging.log4j2:type=5c29bfd,component=Appenders,name=STDOUT
2021-12-16 21:37:05,822 main DEBUG org.apache.logging.log4j.core.util.SystemClock supports precise timestamps.
2021-12-16 21:37:05,822 main DEBUG Reconfiguration complete for context[name=5c29bfd] at URI /home/vladimirkunats/Vladimir-Kunats-2/dao/target/test-classes/log4j2-test.properties (org.apache.logging.log4j.core.LoggerContext@2e3f79a2) with optional ClassLoader: null
2021-12-16 21:37:05,828 main DEBUG Shutdown hook enabled. Registering a new one.
2021-12-16 21:37:05,829 main DEBUG LoggerContext[name=5c29bfd, org.apache.logging.log4j.core.LoggerContext@2e3f79a2] started OK.
21:37:05 DEBUG DriverDaoJDBCImpl    Start:findAllDrivers()
]]></system-out>
    <system-err><![CDATA[Warning: Nashorn engine is planned to be removed from a future JDK release
]]></system-err>
  </testcase>
  <testcase name="getDriverById" classname="com.epam.brest.dao.DriverDAOJDBCTest" time="0.083">
    <failure type="org.opentest4j.AssertionFailedError"><![CDATA[org.opentest4j.AssertionFailedError: expected: not <null>
	at com.epam.brest.dao.DriverDAOJDBCTest.getDriverById(DriverDAOJDBCTest.java:56)
]]></failure>
    <system-out><![CDATA[21:37:05 DEBUG DriverDaoJDBCImpl    Start:getDriverById(0)
]]></system-out>
  </testcase>
</testsuite>